Unity Editor version:    2022.1.20f1 (01d83b40d570)
Branch:                  2022.1/staging
Build type:              Release
Batch mode:              YES
macOS version:           Version 12.6 (Build 21G115)
Darwin version:          21.6.0
Architecture:            arm64
Running under Rosetta:   NO
Available memory:        24576 MB
Using pre-set license
Pro License: YES

COMMAND LINE ARGUMENTS:
/Applications/Unity/Hub/Editor/2022.1.20f1/Unity.app/Contents/MacOS/Unity
-adb2
-batchMode
-noUpm
-name
AssetImportWorker0
-projectPath
/Users/pavlo/repos/coupled-sim
-logFile
Logs/AssetImportWorker0.log
-srvPort
55893
Successfully changed project path to: /Users/pavlo/repos/coupled-sim
/Users/pavlo/repos/coupled-sim
[UnityMemory] Configuration Parameters - Can be set up in boot.config
    "memorysetup-bucket-allocator-granularity=16"
    "memorysetup-bucket-allocator-bucket-count=8"
    "memorysetup-bucket-allocator-block-size=33554432"
    "memorysetup-bucket-allocator-block-count=8"
    "memorysetup-main-allocator-block-size=16777216"
    "memorysetup-thread-allocator-block-size=16777216"
    "memorysetup-gfx-main-allocator-block-size=16777216"
    "memorysetup-gfx-thread-allocator-block-size=16777216"
    "memorysetup-cache-allocator-block-size=4194304"
    "memorysetup-typetree-allocator-block-size=2097152"
    "memorysetup-profiler-bucket-allocator-granularity=16"
    "memorysetup-profiler-bucket-allocator-bucket-count=8"
    "memorysetup-profiler-bucket-allocator-block-size=33554432"
    "memorysetup-profiler-bucket-allocator-block-count=8"
    "memorysetup-profiler-allocator-block-size=16777216"
    "memorysetup-profiler-editor-allocator-block-size=1048576"
    "memorysetup-temp-allocator-size-main=16777216"
    "memorysetup-job-temp-allocator-block-size=2097152"
    "memorysetup-job-temp-allocator-block-size-background=1048576"
    "memorysetup-job-temp-allocator-reduction-small-platforms=262144"
    "memorysetup-temp-allocator-size-background-worker=32768"
    "memorysetup-temp-allocator-size-job-worker=262144"
    "memorysetup-temp-allocator-size-preload-manager=33554432"
    "memorysetup-temp-allocator-size-nav-mesh-worker=65536"
    "memorysetup-temp-allocator-size-audio-worker=65536"
    "memorysetup-temp-allocator-size-cloud-worker=32768"
    "memorysetup-temp-allocator-size-gi-baking-worker=262144"
    "memorysetup-temp-allocator-size-gfx=262144"
Refreshing native plugins compatible for Editor in 69.92 ms, found 6 plugins.
Plugins: Couldn't open Assets/Oculus/Spatializer/Plugins/AudioPluginOculusSpatializer.bundle/Contents/MacOS/AudioPluginOculusSpatializer, error: dlopen(Assets/Oculus/Spatializer/Plugins/AudioPluginOculusSpatializer.bundle/Contents/MacOS/AudioPluginOculusSpatializer, 0x0002): Library not loaded: '@rpath/libthird-party_pffft_pffft.dylib'
  Referenced from: '/Users/pavlo/repos/coupled-sim/Assets/Oculus/Spatializer/Plugins/AudioPluginOculusSpatializer.bundle/Contents/MacOS/AudioPluginOculusSpatializer'
  Reason: tried: '/Applications/Unity/Hub/Editor/2022.1.20f1/Unity.app/Contents/MacOS/../Frameworks/libthird-party_pffft_pffft.dylib' (no such file), '/Applications/Unity/Hub/Editor/2022.1.20f1/Unity.app/Contents/MacOS/../Frameworks/libthird-party_pffft_pffft.dylib' (no such file), '/usr/local/lib/libthird-party_pffft_pffft.dylib' (no such file), '/usr/lib/libthird-party_pffft_pffft.dylib' (no such file)
Preloading 1 native plugins for Editor in 0.58 ms.
Initialize engine version: 2022.1.20f1 (01d83b40d570)
[Subsystems] Discovering subsystems at path /Applications/Unity/Hub/Editor/2022.1.20f1/Unity.app/Contents/Resources/UnitySubsystems
[Subsystems] Discovering subsystems at path /Users/pavlo/repos/coupled-sim/Assets
GfxDevice: creating device client; threaded=0; jobified=0
 preferred device: Apple M2 (high power)
Metal devices available: 1
0: Apple M2 (high power)
Using device Apple M2 (high power)
Initializing Metal device caps: Apple M2
Shader 'Oculus/OVRMRCameraFrameLit': fallback shader 'Alpha-Diffuse' not found
Initialize mono
Mono path[0] = '/Applications/Unity/Hub/Editor/2022.1.20f1/Unity.app/Contents/Managed'
Mono path[1] = '/Applications/Unity/Hub/Editor/2022.1.20f1/Unity.app/Contents/MonoBleedingEdge/lib/mono/unityjit-macos'
Mono config path = '/Applications/Unity/Hub/Editor/2022.1.20f1/Unity.app/Contents/MonoBleedingEdge/etc'
Using monoOptions --debugger-agent=transport=dt_socket,embedding=1,server=y,suspend=n,address=127.0.0.1:56925
Begin MonoManager ReloadAssembly
Registering precompiled unity dll's ...
Register platform support module: /Applications/Unity/Hub/Editor/2022.1.20f1/PlaybackEngines/WebGLSupport/UnityEditor.WebGL.Extensions.dll
Register platform support module: /Applications/Unity/Hub/Editor/2022.1.20f1/Unity.app/Contents/PlaybackEngines/MacStandaloneSupport/UnityEditor.OSXStandalone.Extensions.dll
Registered in 0.000376 seconds.
Native extension for OSXStandalone target not found
Native extension for WebGL target not found
Refreshing native plugins compatible for Editor in 72.99 ms, found 6 plugins.
Plugins: Couldn't open /Users/pavlo/repos/coupled-sim/Assets/Oculus/Spatializer/Plugins/AudioPluginOculusSpatializer.bundle/Contents/MacOS/AudioPluginOculusSpatializer, error: dlopen(/Users/pavlo/repos/coupled-sim/Assets/Oculus/Spatializer/Plugins/AudioPluginOculusSpatializer.bundle/Contents/MacOS/AudioPluginOculusSpatializer, 0x0002): Library not loaded: '@rpath/libthird-party_pffft_pffft.dylib'
  Referenced from: '/Users/pavlo/repos/coupled-sim/Assets/Oculus/Spatializer/Plugins/AudioPluginOculusSpatializer.bundle/Contents/MacOS/AudioPluginOculusSpatializer'
  Reason: tried: '/Applications/Unity/Hub/Editor/2022.1.20f1/Unity.app/Contents/MacOS/../Frameworks/libthird-party_pffft_pffft.dylib' (no such file), '/Applications/Unity/Hub/Editor/2022.1.20f1/Unity.app/Contents/MacOS/../Frameworks/libthird-party_pffft_pffft.dylib' (no such file), '/usr/local/lib/libthird-party_pffft_pffft.dylib' (no such file), '/usr/lib/libthird-party_pffft_pffft.dylib' (no such file)
Preloading 1 native plugins for Editor in 0.27 ms.
Mono: successfully reloaded assembly
- Completed reload, in  0.380 seconds
Domain Reload Profiling:
	ReloadAssembly (381ms)
		BeginReloadAssembly (29ms)
			ExecutionOrderSort (0ms)
			DisableScriptedObjects (0ms)
			BackupInstance (0ms)
			ReleaseScriptingObjects (0ms)
			CreateAndSetChildDomain (0ms)
		EndReloadAssembly (289ms)
			LoadAssemblies (28ms)
			RebuildTransferFunctionScriptingTraits (0ms)
			SetupTypeCache (75ms)
				TypeCache.Initialize (75ms)
					TypeCache.ScanAssembly (74ms)
				ResolveRequiredComponents (0ms)
			ReleaseScriptCaches (0ms)
			RebuildScriptCaches (18ms)
			SetupLoadedEditorAssemblies (170ms)
				LogAssemblyErrors (0ms)
				InitializePlatformSupportModulesInManaged (4ms)
				SetLoadedEditorAssemblies (3ms)
				RefreshPlugins (73ms)
				BeforeProcessingInitializeOnLoad (1ms)
				ProcessInitializeOnLoadAttributes (66ms)
				ProcessInitializeOnLoadMethodAttributes (23ms)
				AfterProcessingInitializeOnLoad (0ms)
				EditorAssembliesLoaded (0ms)
			ExecutionOrderSort2 (0ms)
			AwakeInstancesAfterBackupRestoration (0ms)
Platform modules already initialized, skipping
Registering precompiled user dll's ...
Registered in 0.001420 seconds.
Begin MonoManager ReloadAssembly
Native extension for OSXStandalone target not found
Native extension for WebGL target not found
Refreshing native plugins compatible for Editor in 0.88 ms, found 6 plugins.
Plugins: Couldn't open /Users/pavlo/repos/coupled-sim/Assets/Oculus/Spatializer/Plugins/AudioPluginOculusSpatializer.bundle/Contents/MacOS/AudioPluginOculusSpatializer, error: dlopen(/Users/pavlo/repos/coupled-sim/Assets/Oculus/Spatializer/Plugins/AudioPluginOculusSpatializer.bundle/Contents/MacOS/AudioPluginOculusSpatializer, 0x0002): Library not loaded: '@rpath/libthird-party_pffft_pffft.dylib'
  Referenced from: '/Users/pavlo/repos/coupled-sim/Assets/Oculus/Spatializer/Plugins/AudioPluginOculusSpatializer.bundle/Contents/MacOS/AudioPluginOculusSpatializer'
  Reason: tried: '/Applications/Unity/Hub/Editor/2022.1.20f1/Unity.app/Contents/MacOS/../Frameworks/libthird-party_pffft_pffft.dylib' (no such file), '/Applications/Unity/Hub/Editor/2022.1.20f1/Unity.app/Contents/MacOS/../Frameworks/libthird-party_pffft_pffft.dylib' (no such file), '/usr/local/lib/libthird-party_pffft_pffft.dylib' (no such file), '/usr/lib/libthird-party_pffft_pffft.dylib' (no such file)
Preloading 1 native plugins for Editor in 0.22 ms.
Package Manager log level set to [2]
[Package Manager] Server::EnsureServerProcessIsRunning -- launch failed, reason: Unity was launched with the -noUpm command-line argument
[Package Manager] UpmClient::Send -- Unable to send message (not connected to UPM process).
[Package Manager] Cannot connect to Unity Package Manager local server
Mono: successfully reloaded assembly
- Completed reload, in  0.668 seconds
Domain Reload Profiling:
	ReloadAssembly (668ms)
		BeginReloadAssembly (55ms)
			ExecutionOrderSort (0ms)
			DisableScriptedObjects (3ms)
			BackupInstance (0ms)
			ReleaseScriptingObjects (0ms)
			CreateAndSetChildDomain (13ms)
		EndReloadAssembly (557ms)
			LoadAssemblies (60ms)
			RebuildTransferFunctionScriptingTraits (0ms)
			SetupTypeCache (160ms)
				TypeCache.Initialize (150ms)
					TypeCache.ScanAssembly (148ms)
				ResolveRequiredComponents (9ms)
			ReleaseScriptCaches (0ms)
			RebuildScriptCaches (51ms)
			SetupLoadedEditorAssemblies (257ms)
				LogAssemblyErrors (0ms)
				InitializePlatformSupportModulesInManaged (5ms)
				SetLoadedEditorAssemblies (4ms)
				RefreshPlugins (1ms)
				BeforeProcessingInitializeOnLoad (46ms)
				ProcessInitializeOnLoadAttributes (132ms)
				ProcessInitializeOnLoadMethodAttributes (69ms)
				AfterProcessingInitializeOnLoad (0ms)
				EditorAssembliesLoaded (0ms)
			ExecutionOrderSort2 (0ms)
			AwakeInstancesAfterBackupRestoration (2ms)
Platform modules already initialized, skipping
========================================================================
Worker process is ready to serve import requests
Shader 'Oculus/OVRMRCameraFrameLit': fallback shader 'Alpha-Diffuse' not found
Launching external process: /Applications/Unity/Hub/Editor/2022.1.20f1/Unity.app/Contents/Tools/UnityShaderCompiler
Launched and connected shader compiler UnityShaderCompiler after 0.04 seconds
Refreshing native plugins compatible for Editor in 0.88 ms, found 6 plugins.
Plugins: Couldn't open /Users/pavlo/repos/coupled-sim/Assets/Oculus/Spatializer/Plugins/AudioPluginOculusSpatializer.bundle/Contents/MacOS/AudioPluginOculusSpatializer, error: dlopen(/Users/pavlo/repos/coupled-sim/Assets/Oculus/Spatializer/Plugins/AudioPluginOculusSpatializer.bundle/Contents/MacOS/AudioPluginOculusSpatializer, 0x0002): Library not loaded: '@rpath/libthird-party_pffft_pffft.dylib'
  Referenced from: '/Users/pavlo/repos/coupled-sim/Assets/Oculus/Spatializer/Plugins/AudioPluginOculusSpatializer.bundle/Contents/MacOS/AudioPluginOculusSpatializer'
  Reason: tried: '/Applications/Unity/Hub/Editor/2022.1.20f1/Unity.app/Contents/MacOS/../Frameworks/libthird-party_pffft_pffft.dylib' (no such file), '/Applications/Unity/Hub/Editor/2022.1.20f1/Unity.app/Contents/MacOS/../Frameworks/libthird-party_pffft_pffft.dylib' (no such file), '/usr/local/lib/libthird-party_pffft_pffft.dylib' (no such file), '/usr/lib/libthird-party_pffft_pffft.dylib' (no such file)
Preloading 1 native plugins for Editor in 0.22 ms.
Unloading 4659 Unused Serialized files (Serialized files now loaded: 0)
Unloading 93 unused Assets / (176.5 KB). Loaded Objects now: 5080.
Memory consumption went from 0.84 GB to 0.84 GB.
Total: 5.015416 ms (FindLiveObjects: 0.149750 ms CreateObjectMapping: 0.077708 ms MarkObjects: 4.669500 ms  DeleteObjects: 0.117916 ms)

AssetImportParameters requested are different than current active one (requested -> active):
  custom:video-decoder-ogg-theora: a1e56fd34408186e4bbccfd4996cb3dc -> 
  custom:container-muxer-webm: aa71ff27fc2769a1b78a27578f13a17b -> 
  custom:container-demuxer-webm: 4f35f7cbe854078d1ac9338744f61a02 -> 
  custom:video-encoder-webm-vp8: eb34c28f22e8b96e1ab97ce403110664 -> 
  custom:framework-osx-AVFoundation: e770b220cccbd017edd2c1fefb359320 -> 
  custom:audio-encoder-webm-vorbis: bf7c407c2cedff20999df2af8eb42d56 -> 
  custom:container-demuxer-ogg: 62fdf1f143b41e24485cea50d1cbac27 -> 
  custom:video-decoder-webm-vp8: 9c59270c3fd7afecdb556c50c9e8de78 -> 
  custom:audio-decoder-ogg-vorbis: bf7c407c2cedff20999df2af8eb42d56 -> 
========================================================================
Received Import Request.
  Time since last request: 120142.144367 seconds.
  path: Assets/_Scenes/MainScene/Lightmap-1_comp_light.exr
  artifactKey: Guid(bead36f3a260cb94da2a711b7ed4baf1) Importer(815301076,1909f56bfc062723c751e8b465ee728b)
Start importing Assets/_Scenes/MainScene/Lightmap-1_comp_light.exr using Guid(bead36f3a260cb94da2a711b7ed4baf1) Importer(815301076,1909f56bfc062723c751e8b465ee728b)  -> (artifact id: '03d7f53cd0501eaaac6dea061c758543') in 0.103153 seconds 
