
=== Wed Oct 26 11:30:19 2022

Packages were changed.
Update Mode: updateDependencies

The following packages were added:
  com.unity.ide.visualstudio@2.0.16
The following packages were updated:
  com.unity.ads from version 3.4.7 to 4.3.0
  com.unity.analytics from version 3.3.5 to 3.7.1
  com.unity.animation.rigging from version 0.2.7-preview to 1.1.1
  com.unity.collab-proxy from version 1.2.16 to 1.17.2
  com.unity.formats.fbx from version 2.0.2-preview.1 to 4.1.2
  com.unity.ide.rider from version 1.1.4 to 3.0.15
  com.unity.ide.vscode from version 1.2.1 to 1.2.5
  com.unity.purchasing from version 2.0.6 to 4.4.1
  com.unity.recorder from version 2.4.0-preview.1 to 3.0.3
  com.unity.test-framework from version 1.1.16 to 1.1.33
  com.unity.textmeshpro from version 2.0.1 to 3.0.6
  com.unity.timeline from version 1.2.6 to 1.7.1
  com.unity.xr.legacyinputhelpers from version 2.1.4 to 2.1.10
The following packages were removed:
  com.unity.multiplayer-hlapi@1.0.6
  com.unity.xr.oculus.standalone@2.38.4
